<?xml version="1.0" encoding="UTF-8"?>
<!-- Generated by org.testng.reporters.JUnitReportReporter -->
<testsuite hostname="LAPTOP-UV00EJB2" failures="0" tests="1" name="mvnproj.mvn" time="46.066" errors="0" timestamp="2020-05-19T14:02:36 IST" skipped="0">
  <testcase classname="mvnproj.mvn" name="OpenApp" time="46.066"/>
  <system-out/>
</testsuite> <!-- mvnproj.mvn -->
