<?xml version="1.0" encoding="UTF-8"?>
<!-- Generated by org.testng.reporters.JUnitReportReporter -->
<testsuite hostname="LAPTOP-UV00EJB2" failures="0" tests="3" name="com.ebanking.master.RoleDP" time="4.545" errors="0" timestamp="2020-05-07T15:26:52 IST" skipped="0">
  <testcase classname="com.ebanking.master.RoleDP" name="Rolec" time="1.655"/>
  <system-out/>
  <testcase classname="com.ebanking.master.RoleDP" name="Rolec" time="1.608"/>
  <system-out/>
  <testcase classname="com.ebanking.master.RoleDP" name="Rolec" time="1.282"/>
  <system-out/>
</testsuite> <!-- com.ebanking.master.RoleDP -->
