<?xml version="1.0" encoding="UTF-8"?>
<!-- Generated by org.testng.reporters.JUnitReportReporter -->
<testsuite hostname="LAPTOP-UV00EJB2" failures="0" tests="7" name="com.ebanking.master.LibraryNG" time="42.656" errors="0" timestamp="2020-05-02T22:41:13 IST" skipped="0">
  <testcase classname="com.ebanking.master.LibraryNG" name="OpenApp" time="20.783"/>
  <system-out/>
  <testcase classname="com.ebanking.master.LibraryNG" name="AdminLogin" time="1.974"/>
  <system-out/>
  <testcase classname="com.ebanking.master.LibraryNG" name="BranchCre" time="6.624"/>
  <system-out/>
  <testcase classname="com.ebanking.master.LibraryNG" name="RoleCre" time="5.103"/>
  <system-out/>
  <testcase classname="com.ebanking.master.LibraryNG" name="EmployeeCre" time="4.849"/>
  <system-out/>
  <testcase classname="com.ebanking.master.LibraryNG" name="AdmLogOut" time="0.009"/>
  <system-out/>
  <testcase classname="com.ebanking.master.LibraryNG" name="AppClose" time="3.314"/>
  <system-out/>
</testsuite> <!-- com.ebanking.master.LibraryNG -->
