<?xml version="1.0" encoding="UTF-8"?>
<!-- Generated by org.testng.reporters.JUnitReportReporter -->
<testsuite hostname="LAPTOP-UV00EJB2" failures="0" tests="1" name="com.ebanking.master.POMRoleExcel" time="9.291" errors="0" timestamp="2020-05-07T15:47:30 IST" skipped="0">
  <testcase classname="com.ebanking.master.POMRoleExcel" name="Role" time="9.291"/>
  <system-out/>
</testsuite> <!-- com.ebanking.master.POMRoleExcel -->
