<?xml version="1.0" encoding="UTF-8"?>
<!-- Generated by org.testng.reporters.JUnitReportReporter -->
<testsuite hostname="LAPTOP-UV00EJB2" failures="0" tests="3" name="com.ebanking.master.EmployeeDP" time="26.914" errors="0" timestamp="2020-05-08T14:14:23 IST" skipped="0">
  <testcase classname="com.ebanking.master.EmployeeDP" name="Employee" time="8.218"/>
  <system-out/>
  <testcase classname="com.ebanking.master.EmployeeDP" name="Employee" time="8.114"/>
  <system-out/>
  <testcase classname="com.ebanking.master.EmployeeDP" name="Employee" time="10.582"/>
  <system-out/>
</testsuite> <!-- com.ebanking.master.EmployeeDP -->
