<?xml version="1.0" encoding="UTF-8"?>
<!-- Generated by org.testng.reporters.JUnitReportReporter -->
<testsuite hostname="LAPTOP-UV00EJB2" failures="0" tests="1" name="com.ebanking.master.POMBranchExcel" time="14.053" errors="0" timestamp="2020-05-07T15:46:03 IST" skipped="0">
  <testcase classname="com.ebanking.master.POMBranchExcel" name="Branch" time="14.053"/>
  <system-out/>
</testsuite> <!-- com.ebanking.master.POMBranchExcel -->
