<?xml version="1.0" encoding="UTF-8"?>
<!-- Generated by org.testng.reporters.JUnitReportReporter -->
<testsuite hostname="LAPTOP-UV00EJB2" failures="0" tests="3" name="com.ebanking.master.EmployeeNG" time="16.578" errors="0" timestamp="2020-05-05T10:52:15 IST" skipped="0">
  <testcase classname="com.ebanking.master.EmployeeNG" name="Employee" time="6.138"/>
  <system-out/>
  <testcase classname="com.ebanking.master.EmployeeNG" name="Employee" time="5.363"/>
  <system-out/>
  <testcase classname="com.ebanking.master.EmployeeNG" name="Employee" time="5.077"/>
  <system-out/>
</testsuite> <!-- com.ebanking.master.EmployeeNG -->
