<?xml version="1.0" encoding="UTF-8"?>
<!-- Generated by org.testng.reporters.JUnitReportReporter -->
<testsuite hostname="LAPTOP-UV00EJB2" failures="0" tests="3" name="com.ebanking.master.BranchNG" time="18.198" errors="0" timestamp="2020-05-05T10:52:15 IST" skipped="0">
  <testcase classname="com.ebanking.master.BranchNG" name="Br" time="6.444"/>
  <system-out/>
  <testcase classname="com.ebanking.master.BranchNG" name="Br" time="5.872"/>
  <system-out/>
  <testcase classname="com.ebanking.master.BranchNG" name="Br" time="5.882"/>
  <system-out/>
</testsuite> <!-- com.ebanking.master.BranchNG -->
