<?xml version="1.0" encoding="UTF-8"?>
<!-- Generated by org.testng.reporters.JUnitReportReporter -->
<testsuite hostname="LAPTOP-UV00EJB2" failures="0" tests="2" name="com.ebanking.master.SGrid" time="79.513" errors="0" timestamp="2020-05-14T16:18:50 IST" skipped="0">
  <testcase classname="com.ebanking.master.SGrid" name="gd" time="21.797"/>
  <system-out/>
  <testcase classname="com.ebanking.master.SGrid" name="gd" time="57.716"/>
  <system-out/>
</testsuite> <!-- com.ebanking.master.SGrid -->
