<?xml version="1.0" encoding="UTF-8"?>
<!-- Generated by org.testng.reporters.JUnitReportReporter -->
<testsuite hostname="LAPTOP-UV00EJB2" failures="0" tests="3" name="com.ebanking.master.AdminLoginNG" time="14.183" errors="0" timestamp="2020-05-03T18:02:51 IST" skipped="0">
  <testcase classname="com.ebanking.master.AdminLoginNG" name="Employee" time="4.548"/>
  <system-out/>
  <testcase classname="com.ebanking.master.AdminLoginNG" name="Role" time="4.261"/>
  <system-out/>
  <testcase classname="com.ebanking.master.AdminLoginNG" name="Br" time="5.374"/>
  <system-out/>
</testsuite> <!-- com.ebanking.master.AdminLoginNG -->
