<?xml version="1.0" encoding="UTF-8"?>
<!-- Generated by org.testng.reporters.JUnitReportReporter -->
<testsuite hostname="LAPTOP-UV00EJB2" failures="0" tests="3" name="com.ebanking.master.BranchDP" time="9.217" errors="0" timestamp="2020-05-08T16:35:39 IST" skipped="0">
  <testcase classname="com.ebanking.master.BranchDP" name="Branch" time="2.878"/>
  <system-out/>
  <testcase classname="com.ebanking.master.BranchDP" name="Branch" time="3.424"/>
  <system-out/>
  <testcase classname="com.ebanking.master.BranchDP" name="Branch" time="2.915"/>
  <system-out/>
</testsuite> <!-- com.ebanking.master.BranchDP -->
