<?xml version="1.0" encoding="UTF-8"?>
<!-- Generated by org.testng.reporters.JUnitReportReporter -->
<testsuite hostname="LAPTOP-UV00EJB2" failures="0" tests="3" name="com.ebanking.master.RoleNG" time="16.139" errors="0" timestamp="2020-05-05T10:52:15 IST" skipped="0">
  <testcase classname="com.ebanking.master.RoleNG" name="Role" time="5.875"/>
  <system-out/>
  <testcase classname="com.ebanking.master.RoleNG" name="Role" time="5.104"/>
  <system-out/>
  <testcase classname="com.ebanking.master.RoleNG" name="Role" time="5.160"/>
  <system-out/>
</testsuite> <!-- com.ebanking.master.RoleNG -->
